<?xml version="1.0" encoding="UTF-8"?>
<!-- Generated by org.testng.reporters.JUnitXMLReporter -->
<testsuite hostname="DESKTOP-LNGDP5I" name="Test" tests="4" failures="0" timestamp="27 Feb 2021 09:19:09 GMT" time="39.55" errors="0">
  <testcase name="searchUserRepositories" time="5.688" classname="com.githubapi.scripts.GithubApiTest"/>
  <testcase name="searchUserRepositories" time="2.3" classname="com.githubapi.scripts.GithubApiTest"/>
  <testcase name="searchUserRepositories" time="2.406" classname="com.githubapi.scripts.GithubApiTest"/>
  <testcase name="searchUserRepositories" time="2.437" classname="com.githubapi.scripts.GithubApiTest"/>
</testsuite> <!-- Test -->
